2026-05-13 23:05:54.907 | DEBUG | WebEdgeService:__init__ | Cookie 文件不存在，跳过加载。
2026-05-13 23:05:56.203 | DEBUG | webdriverConfig:_load_cookies | 未发现 Cookie 文件，跳过加载。
2026-05-13 23:05:56.309 | INFO | Main:main | 已注册退出热键：Ctrl+Shift+C
2026-05-13 23:06:02.409 | DEBUG | WebEdgeService:_ensure_login_and_enter_study | 已打开入口页：https://onlineweb.zhihuishu.com/
2026-05-13 23:06:02.429 | WARNING | WebEdgeService:_ensure_login_and_enter_study | 检测到未登录，请在浏览器窗口内完成登录（扫码或知到APP）。系统将自动监听登录状态，登录成功后会自动跳转到学习页面。
2026-05-13 23:06:43.432 | INFO | WebEdgeService:_ensure_login_and_enter_study | 登录成功，已进入学习页面。
2026-05-13 23:06:43.432 | WARNING | WebEdgeService:_wait_course_and_prepare | 请在30秒内选择要进入的课程。
2026-05-13 23:07:16.727 | ERROR | WebEdgeService:_wait_course_and_prepare | 未在30秒内选择课程，操作终止。当前URL：https://onlineweb.zhihuishu.com/onlinestuh5
2026-05-13 23:07:16.729 | DEBUG | WebEdgeService:init_listeners | 随堂测试监听线程已初始化并启动（暂停中）
2026-05-13 23:07:16.729 | DEBUG | WebEdgeService:worker | 视频结束监控线程开始，总时长信息未就绪，最大等待时间：1800秒
2026-05-13 23:07:16.729 | DEBUG | WebEdgeService:_listen_video_play_end | 视频结束监控线程已启动
2026-05-13 23:07:16.730 | DEBUG | WebEdgeService:init_listeners | 视频结束监控线程已初始化并启动（暂停中）
2026-05-13 23:07:16.731 | DEBUG | WebEdgeService:pause_listeners | 已暂停线程
2026-05-13 23:07:26.795 | ERROR | WebEdgeService:_get_course_and_test_account | 未在限定时间找到课程目录容器 div.el-scrollbar.catalogue
2026-05-13 23:07:26.797 | INFO | WebEdgeService:shutdown | 触发服务关闭：准备先保存 Cookie
2026-05-13 23:07:26.804 | INFO | WebEdgeService:_save_cookies | 已保存 11 条 Cookie 到 D:\desktop\工具\auto-zhihuishu\tools\edgedriver_win64\cookies.json
2026-05-13 23:07:27.240 | DEBUG | WebEdgeService:worker | 视频结束监控线程已退出
2026-05-13 23:07:27.735 | DEBUG | WebEdgeService:_listen_in_class_test | 随堂测试监听停止
2026-05-13 23:07:27.736 | DEBUG | WebEdgeService:release_listeners | 已释放线程资源
2026-05-13 23:07:27.736 | DEBUG | WebEdgeService:shutdown | 监听线程已释放
2026-05-13 23:07:29.938 | INFO | WebEdgeService:shutdown | 浏览器已关闭，退出程序。
